Build started 6/6/2020 6:35:25 PM.
     1>Project "C:\git.co\dev-learn\cuda\windows\p31\p31\p31.vcxproj" on node 2 (Build target(s)).
     1>AddCudaCompileDeps:
         C:\Program Files (x86)\Microsoft Visual Studio 14.0\VC\bin\x86_amd64\cl.exe /E /nologo /showIncludes /TP /D__CUDACC__ /DWIN32 /DWIN64 /D_DEBUG /D_CONSOLE /D_MBCS /I"C:\Program Files\NVIDIA GPU Computing Toolkit\CUDA\v10.2\include" /I"C:\Program Files\NVIDIA GPU Computing Toolkit\CUDA\v10.2\bin" /I"C:\Program Files\NVIDIA GPU Computing Toolkit\CUDA\v10.2\include" /I. /FIcuda_runtime.h /c C:\git.co\dev-learn\cuda\windows\p31\p31\kernel.cu 
     1>Project "C:\git.co\dev-learn\cuda\windows\p31\p31\p31.vcxproj" (1) is building "C:\git.co\dev-learn\cuda\windows\p31\p31\p31.vcxproj" (1:2) on node 2 (CudaBuildCore target(s)).
     1>CudaBuildCore:
         Compiling CUDA source file kernel.cu...
         cmd.exe /C "C:\Users\CRIB\AppData\Local\Temp\tmpdf015688e96b43c681e5d8aba4e8b524.cmd"
         "C:\Program Files\NVIDIA GPU Computing Toolkit\CUDA\v10.2\bin\nvcc.exe" -gencode=arch=compute_30,code=\"sm_30,compute_30\" --use-local-env -ccbin "C:\Program Files (x86)\Microsoft Visual Studio 14.0\VC\bin\x86_amd64" -x cu  -I"C:\Program Files\NVIDIA GPU Computing Toolkit\CUDA\v10.2\include" -I"C:\Program Files\NVIDIA GPU Computing Toolkit\CUDA\v10.2\include"  -G   --keep-dir x64\Debug -maxrregcount=0  --machine 64 --compile -cudart static  -g   -DWIN32 -DWIN64 -D_DEBUG -D_CONSOLE -D_MBCS -Xcompiler "/EHsc /W3 /nologo /Od /Fdx64\Debug\vc140.pdb /FS /Zi /RTC1 /MDd " -o x64\Debug\kernel.cu.obj "C:\git.co\dev-learn\cuda\windows\p31\p31\kernel.cu"
         
         C:\git.co\dev-learn\cuda\windows\p31\p31>"C:\Program Files\NVIDIA GPU Computing Toolkit\CUDA\v10.2\bin\nvcc.exe" -gencode=arch=compute_30,code=\"sm_30,compute_30\" --use-local-env -ccbin "C:\Program Files (x86)\Microsoft Visual Studio 14.0\VC\bin\x86_amd64" -x cu  -I"C:\Program Files\NVIDIA GPU Computing Toolkit\CUDA\v10.2\include" -I"C:\Program Files\NVIDIA GPU Computing Toolkit\CUDA\v10.2\include"  -G   --keep-dir x64\Debug -maxrregcount=0  --machine 64 --compile -cudart static  -g   -DWIN32 -DWIN64 -D_DEBUG -D_CONSOLE -D_MBCS -Xcompiler "/EHsc /W3 /nologo /Od /Fdx64\Debug\vc140.pdb /FS /Zi /RTC1 /MDd " -o x64\Debug\kernel.cu.obj "C:\git.co\dev-learn\cuda\windows\p31\p31\kernel.cu" 
         kernel.cu
     1>C:/git.co/dev-learn/cuda/windows/p31/p31/kernel.cu(27): warning C4477: 'printf' : format string '%0x' requires an argument of type 'unsigned int', but variadic argument 1 has type 'size_t'
         C:/git.co/dev-learn/cuda/windows/p31/p31/kernel.cu(27): note: consider using '%zx' in the format string
     1>C:/git.co/dev-learn/cuda/windows/p31/p31/kernel.cu(30): warning C4477: 'printf' : format string '%0x' requires an argument of type 'unsigned int', but variadic argument 1 has type 'int *'
     1>C:/git.co/dev-learn/cuda/windows/p31/p31/kernel.cu(30): warning C4313: 'printf': '%x' in format string conflicts with argument 1 of type 'int *'
     1>C:/git.co/dev-learn/cuda/windows/p31/p31/kernel.cu(31): warning C4477: 'printf' : format string '%0x' requires an argument of type 'unsigned int', but variadic argument 1 has type 'int *'
     1>C:/git.co/dev-learn/cuda/windows/p31/p31/kernel.cu(31): warning C4313: 'printf': '%x' in format string conflicts with argument 1 of type 'int *'
     1>C:/git.co/dev-learn/cuda/windows/p31/p31/kernel.cu(32): warning C4477: 'printf' : format string '%0x' requires an argument of type 'unsigned int', but variadic argument 1 has type 'size_t'
         C:/git.co/dev-learn/cuda/windows/p31/p31/kernel.cu(32): note: consider using '%zx' in the format string
     1>Done Building Project "C:\git.co\dev-learn\cuda\windows\p31\p31\p31.vcxproj" (CudaBuildCore target(s)).
     1>Link:
         C:\Program Files (x86)\Microsoft Visual Studio 14.0\VC\bin\x86_amd64\link.exe /ERRORREPORT:PROMPT /OUT:"C:\git.co\dev-learn\cuda\windows\p31\x64\Debug\p31.exe" /INCREMENTAL /NOLOGO /LIBPATH:"C:\Program Files\NVIDIA GPU Computing Toolkit\CUDA\v10.2\lib\x64" cudart_static.lib kernel32.lib user32.lib gdi32.lib winspool.lib comdlg32.lib advapi32.lib shell32.lib ole32.lib oleaut32.lib uuid.lib odbc32.lib odbccp32.lib kernel32.lib user32.lib gdi32.lib winspool.lib comdlg32.lib advapi32.lib shell32.lib ole32.lib oleaut32.lib uuid.lib odbc32.lib odbccp32.lib /MANIFEST /MANIFESTUAC:"level='asInvoker' uiAccess='false'" /manifest:embed /Debug /PDB:"C:\git.co\dev-learn\cuda\windows\p31\x64\Debug\p31.pdb" /SUBSYSTEM:CONSOLE /TLBID:1 /DYNAMICBASE /NXCOMPAT /IMPLIB:"C:\git.co\dev-learn\cuda\windows\p31\x64\Debug\p31.lib" /MACHINE:X64 x64\Debug\kernel.cu.obj
            Creating library C:\git.co\dev-learn\cuda\windows\p31\x64\Debug\p31.lib and object C:\git.co\dev-learn\cuda\windows\p31\x64\Debug\p31.exp
         p31.vcxproj -> C:\git.co\dev-learn\cuda\windows\p31\x64\Debug\p31.exe
     1>Done Building Project "C:\git.co\dev-learn\cuda\windows\p31\p31\p31.vcxproj" (Build target(s)).

Build succeeded.

Time Elapsed 00:00:02.61
